<?xml version="1.0" encoding="UTF-8"?>
<!-- Generated by org.testng.reporters.JUnitReportReporter -->
<testsuite hostname="LAPTOP-TT023QHN" failures="0" tests="5" name="MC.Mobile1" time="97.577" errors="0" timestamp="2024-05-08T22:45:31 IST" skipped="0">
  <testcase classname="MC.Mobile1" name="site3" time="8.299"/>
  <testcase classname="MC.Mobile1" name="site2" time="33.818"/>
  <testcase classname="MC.Mobile1" name="site5" time="9.725"/>
  <testcase classname="MC.Mobile1" name="site4" time="10.424"/>
  <testcase classname="MC.Mobile1" name="site1" time="35.311"/>
</testsuite> <!-- MC.Mobile1 -->
