<?xml version="1.0" encoding="UTF-8"?>
<!-- Generated by org.testng.reporters.JUnitReportReporter -->
<testsuite hostname="LAPTOP-TT023QHN" failures="0" tests="5" name="FireFoxMobile.Mobile2" time="37.425" errors="0" timestamp="2024-05-09T01:08:25 IST" skipped="0">
  <testcase classname="FireFoxMobile.Mobile2" name="site1" time="9.535"/>
  <testcase classname="FireFoxMobile.Mobile2" name="site2" time="7.294"/>
  <testcase classname="FireFoxMobile.Mobile2" name="site5" time="6.454"/>
  <testcase classname="FireFoxMobile.Mobile2" name="site4" time="7.184"/>
  <testcase classname="FireFoxMobile.Mobile2" name="site3" time="6.958"/>
</testsuite> <!-- FireFoxMobile.Mobile2 -->
