<?xml version="1.0" encoding="UTF-8"?>
<!-- Generated by org.testng.reporters.JUnitReportReporter -->
<testsuite hostname="LAPTOP-TT023QHN" failures="0" tests="5" name="DC.Desktop3" time="153.648" errors="0" timestamp="2024-05-08T22:45:31 IST" skipped="0">
  <testcase classname="DC.Desktop3" name="site3" time="19.551"/>
  <testcase classname="DC.Desktop3" name="site5" time="17.766"/>
  <testcase classname="DC.Desktop3" name="site2" time="57.316"/>
  <testcase classname="DC.Desktop3" name="site1" time="47.051"/>
  <testcase classname="DC.Desktop3" name="site4" time="11.964"/>
</testsuite> <!-- DC.Desktop3 -->
