<?xml version="1.0" encoding="UTF-8"?>
<!-- Generated by org.testng.reporters.JUnitReportReporter -->
<testsuite hostname="LAPTOP-TT023QHN" failures="0" tests="5" name="ChromeMobile.Mobile3" time="36.307" errors="0" timestamp="2024-05-09T01:08:25 IST" skipped="0">
  <testcase classname="ChromeMobile.Mobile3" name="site2" time="6.249"/>
  <testcase classname="ChromeMobile.Mobile3" name="site4" time="7.106"/>
  <testcase classname="ChromeMobile.Mobile3" name="site3" time="6.446"/>
  <testcase classname="ChromeMobile.Mobile3" name="site5" time="6.958"/>
  <testcase classname="ChromeMobile.Mobile3" name="site1" time="9.548"/>
</testsuite> <!-- ChromeMobile.Mobile3 -->
