<?xml version="1.0" encoding="UTF-8"?>
<!-- Generated by org.testng.reporters.JUnitReportReporter -->
<testsuite hostname="LAPTOP-TT023QHN" failures="0" tests="1" name="mpack.Demo" time="4.243" errors="0" timestamp="2024-04-28T03:27:34 IST" skipped="0">
  <testcase classname="mpack.Demo" name="SampleAutomation" time="4.243"/>
</testsuite> <!-- mpack.Demo -->
