<?xml version="1.0" encoding="UTF-8"?>
<!-- Generated by org.testng.reporters.JUnitReportReporter -->
<testsuite hostname="LAPTOP-TT023QHN" failures="0" tests="1" name="tutorialsNinja.Registrationpage" time="4.007" errors="0" timestamp="2024-04-29T22:03:24 IST" skipped="0">
  <testcase classname="tutorialsNinja.Registrationpage" name="Regipagetest" time="4.007"/>
</testsuite> <!-- tutorialsNinja.Registrationpage -->
