<?xml version="1.0" encoding="UTF-8"?>
<!-- Generated by org.testng.reporters.JUnitReportReporter -->
<testsuite hostname="LAPTOP-TT023QHN" failures="0" tests="5" name="DC.Desktop2" time="117.414" errors="0" timestamp="2024-05-08T22:45:31 IST" skipped="0">
  <testcase classname="DC.Desktop2" name="site2" time="48.214"/>
  <testcase classname="DC.Desktop2" name="site5" time="27.722"/>
  <testcase classname="DC.Desktop2" name="site4" time="19.209"/>
  <testcase classname="DC.Desktop2" name="site1" time="10.890"/>
  <testcase classname="DC.Desktop2" name="site3" time="11.379"/>
</testsuite> <!-- DC.Desktop2 -->
