<?xml version="1.0" encoding="UTF-8"?>
<!-- Generated by org.testng.reporters.JUnitReportReporter -->
<testsuite hostname="LAPTOP-TT023QHN" failures="0" tests="1" name="npack.ClassSeven" time="0.001" errors="0" timestamp="2024-04-29T03:24:27 IST" skipped="0">
  <testcase classname="npack.ClassSeven" name="TestSeven" time="0.001"/>
</testsuite> <!-- npack.ClassSeven -->
