<?xml version="1.0" encoding="UTF-8"?>
<!-- Generated by org.testng.reporters.JUnitReportReporter -->
<testsuite hostname="LAPTOP-TT023QHN" failures="0" tests="5" name="ChromeDesktop.Desktop1" time="93.996" errors="0" timestamp="2024-05-09T01:08:25 IST" skipped="0">
  <testcase classname="ChromeDesktop.Desktop1" name="site1" time="41.544"/>
  <testcase classname="ChromeDesktop.Desktop1" name="site5" time="9.122"/>
  <testcase classname="ChromeDesktop.Desktop1" name="site3" time="12.061"/>
  <testcase classname="ChromeDesktop.Desktop1" name="site4" time="11.447"/>
  <testcase classname="ChromeDesktop.Desktop1" name="site2" time="19.822"/>
</testsuite> <!-- ChromeDesktop.Desktop1 -->
