<?xml version="1.0" encoding="UTF-8"?>
<!-- Generated by org.testng.reporters.JUnitReportReporter -->
<testsuite hostname="LAPTOP-TT023QHN" failures="0" tests="5" name="FireFoxMobile.Mobile3" time="36.759" errors="0" timestamp="2024-05-09T01:08:25 IST" skipped="0">
  <testcase classname="FireFoxMobile.Mobile3" name="site2" time="8.189"/>
  <testcase classname="FireFoxMobile.Mobile3" name="site1" time="9.315"/>
  <testcase classname="FireFoxMobile.Mobile3" name="site5" time="6.590"/>
  <testcase classname="FireFoxMobile.Mobile3" name="site4" time="6.330"/>
  <testcase classname="FireFoxMobile.Mobile3" name="site3" time="6.335"/>
</testsuite> <!-- FireFoxMobile.Mobile3 -->
