<?xml version="1.0" encoding="UTF-8"?>
<!-- Generated by org.testng.reporters.JUnitReportReporter -->
<testsuite hostname="LAPTOP-TT023QHN" failures="0" tests="1" name="Opack.Class5" time="0.018" errors="0" timestamp="2024-04-29T01:46:04 IST" skipped="0">
  <testcase classname="Opack.Class5" name="test5" time="0.018"/>
</testsuite> <!-- Opack.Class5 -->
