<?xml version="1.0" encoding="UTF-8"?>
<!-- Generated by org.testng.reporters.JUnitReportReporter -->
<testsuite hostname="LAPTOP-TT023QHN" failures="0" tests="5" name="ChromeDesktop.Desktop3" time="51.038" errors="0" timestamp="2024-05-09T01:08:25 IST" skipped="0">
  <testcase classname="ChromeDesktop.Desktop3" name="site5" time="9.188"/>
  <testcase classname="ChromeDesktop.Desktop3" name="site4" time="9.745"/>
  <testcase classname="ChromeDesktop.Desktop3" name="site2" time="9.713"/>
  <testcase classname="ChromeDesktop.Desktop3" name="site3" time="8.836"/>
  <testcase classname="ChromeDesktop.Desktop3" name="site1" time="13.556"/>
</testsuite> <!-- ChromeDesktop.Desktop3 -->
