<?xml version="1.0" encoding="UTF-8"?>
<!-- Generated by org.testng.reporters.JUnitReportReporter -->
<testsuite hostname="LAPTOP-TT023QHN" failures="0" tests="5" name="DC.Desktop1" time="119.988" errors="0" timestamp="2024-05-08T22:45:31 IST" skipped="0">
  <testcase classname="DC.Desktop1" name="site1" time="17.173"/>
  <testcase classname="DC.Desktop1" name="site5" time="27.912"/>
  <testcase classname="DC.Desktop1" name="site4" time="10.194"/>
  <testcase classname="DC.Desktop1" name="site3" time="17.373"/>
  <testcase classname="DC.Desktop1" name="site2" time="47.336"/>
</testsuite> <!-- DC.Desktop1 -->
