<?xml version="1.0" encoding="UTF-8"?>
<!-- Generated by org.testng.reporters.JUnitReportReporter -->
<testsuite hostname="LAPTOP-TT023QHN" failures="0" tests="5" name="ChromeDesktop.Desktop2" time="51.618" errors="0" timestamp="2024-05-09T01:08:25 IST" skipped="0">
  <testcase classname="ChromeDesktop.Desktop2" name="site3" time="8.731"/>
  <testcase classname="ChromeDesktop.Desktop2" name="site5" time="9.484"/>
  <testcase classname="ChromeDesktop.Desktop2" name="site1" time="14.427"/>
  <testcase classname="ChromeDesktop.Desktop2" name="site2" time="9.649"/>
  <testcase classname="ChromeDesktop.Desktop2" name="site4" time="9.327"/>
</testsuite> <!-- ChromeDesktop.Desktop2 -->
