<?xml version="1.0" encoding="UTF-8"?>
<!-- Generated by org.testng.reporters.JUnitReportReporter -->
<testsuite hostname="LAPTOP-TT023QHN" failures="0" tests="3" name="mpack.AppRegistration" time="0.010" errors="0" timestamp="2024-04-29T01:20:42 IST" skipped="0">
  <testcase classname="mpack.AppRegistration" name="testRegistaration" time="0.006"/>
  <testcase classname="mpack.AppRegistration" name="testfotLogin" time="0.002"/>
  <testcase classname="mpack.AppRegistration" name="testHomePage" time="0.002"/>
</testsuite> <!-- mpack.AppRegistration -->
