<?xml version="1.0" encoding="UTF-8"?>
<!-- Generated by org.testng.reporters.JUnitReportReporter -->
<testsuite hostname="LAPTOP-TT023QHN" failures="0" tests="5" name="ChromeMobile.Mobile1" time="36.816" errors="0" timestamp="2024-05-09T01:08:25 IST" skipped="0">
  <testcase classname="ChromeMobile.Mobile1" name="site4" time="7.595"/>
  <testcase classname="ChromeMobile.Mobile1" name="site1" time="9.437"/>
  <testcase classname="ChromeMobile.Mobile1" name="site5" time="6.735"/>
  <testcase classname="ChromeMobile.Mobile1" name="site2" time="5.848"/>
  <testcase classname="ChromeMobile.Mobile1" name="site3" time="7.201"/>
</testsuite> <!-- ChromeMobile.Mobile1 -->
