<?xml version="1.0" encoding="UTF-8"?>
<!-- Generated by org.testng.reporters.JUnitReportReporter -->
<testsuite hostname="LAPTOP-TT023QHN" failures="0" tests="5" name="MC.Mobile3" time="53.381" errors="0" timestamp="2024-05-08T22:45:31 IST" skipped="0">
  <testcase classname="MC.Mobile3" name="site1" time="17.140"/>
  <testcase classname="MC.Mobile3" name="site4" time="9.286"/>
  <testcase classname="MC.Mobile3" name="site3" time="8.032"/>
  <testcase classname="MC.Mobile3" name="site2" time="9.879"/>
  <testcase classname="MC.Mobile3" name="site5" time="9.044"/>
</testsuite> <!-- MC.Mobile3 -->
