<?xml version="1.0" encoding="UTF-8"?>
<!-- Generated by org.testng.reporters.JUnitReportReporter -->
<testsuite hostname="LAPTOP-TT023QHN" failures="0" tests="5" name="FireFoxDesktop.Desktop1" time="54.269" errors="0" timestamp="2024-05-09T01:08:25 IST" skipped="0">
  <testcase classname="FireFoxDesktop.Desktop1" name="site4" time="8.929"/>
  <testcase classname="FireFoxDesktop.Desktop1" name="site1" time="16.237"/>
  <testcase classname="FireFoxDesktop.Desktop1" name="site5" time="8.174"/>
  <testcase classname="FireFoxDesktop.Desktop1" name="site2" time="11.931"/>
  <testcase classname="FireFoxDesktop.Desktop1" name="site3" time="8.998"/>
</testsuite> <!-- FireFoxDesktop.Desktop1 -->
