<?xml version="1.0" encoding="UTF-8"?>
<!-- Generated by org.testng.reporters.JUnitReportReporter -->
<testsuite hostname="LAPTOP-TT023QHN" failures="0" tests="5" name="FireFoxDesktop.Desktop2" time="47.805" errors="0" timestamp="2024-05-09T01:08:25 IST" skipped="0">
  <testcase classname="FireFoxDesktop.Desktop2" name="site5" time="8.063"/>
  <testcase classname="FireFoxDesktop.Desktop2" name="site1" time="13.561"/>
  <testcase classname="FireFoxDesktop.Desktop2" name="site4" time="7.595"/>
  <testcase classname="FireFoxDesktop.Desktop2" name="site3" time="8.337"/>
  <testcase classname="FireFoxDesktop.Desktop2" name="site2" time="10.249"/>
</testsuite> <!-- FireFoxDesktop.Desktop2 -->
