<?xml version="1.0" encoding="UTF-8"?>
<!-- Generated by org.testng.reporters.JUnitReportReporter -->
<testsuite hostname="LAPTOP-TT023QHN" failures="0" tests="5" name="FireFoxDesktop.Desktop3" time="49.235" errors="0" timestamp="2024-05-09T01:08:25 IST" skipped="0">
  <testcase classname="FireFoxDesktop.Desktop3" name="site1" time="14.062"/>
  <testcase classname="FireFoxDesktop.Desktop3" name="site3" time="7.836"/>
  <testcase classname="FireFoxDesktop.Desktop3" name="site5" time="8.052"/>
  <testcase classname="FireFoxDesktop.Desktop3" name="site2" time="11.236"/>
  <testcase classname="FireFoxDesktop.Desktop3" name="site4" time="8.049"/>
</testsuite> <!-- FireFoxDesktop.Desktop3 -->
