<?xml version="1.0" encoding="UTF-8"?>
<!-- Generated by org.testng.reporters.JUnitReportReporter -->
<testsuite hostname="LAPTOP-TT023QHN" failures="0" tests="5" name="MC.Mobile2" time="69.383" errors="0" timestamp="2024-05-08T22:45:31 IST" skipped="0">
  <testcase classname="MC.Mobile2" name="site2" time="9.298"/>
  <testcase classname="MC.Mobile2" name="site4" time="8.784"/>
  <testcase classname="MC.Mobile2" name="site5" time="8.812"/>
  <testcase classname="MC.Mobile2" name="site3" time="9.960"/>
  <testcase classname="MC.Mobile2" name="site1" time="32.529"/>
</testsuite> <!-- MC.Mobile2 -->
