<?xml version="1.0" encoding="UTF-8"?>
<!-- Generated by org.testng.reporters.JUnitReportReporter -->
<testsuite hostname="LAPTOP-TT023QHN" failures="0" tests="1" name="opack.RegFUn" time="8.935" errors="0" timestamp="2024-04-30T00:33:10 IST" skipped="0">
  <testcase classname="opack.RegFUn" name="RegTesting" time="8.935"/>
</testsuite> <!-- opack.RegFUn -->
