<?xml version="1.0" encoding="UTF-8"?>
<!-- Generated by org.testng.reporters.JUnitReportReporter -->
<testsuite hostname="LAPTOP-TT023QHN" failures="0" tests="1" name="Opack.Class4" time="0.002" errors="0" timestamp="2024-04-29T01:46:04 IST" skipped="0">
  <testcase classname="Opack.Class4" name="Test4" time="0.002"/>
</testsuite> <!-- Opack.Class4 -->
