<?xml version="1.0" encoding="UTF-8"?>
<!-- Generated by org.testng.reporters.JUnitReportReporter -->
<testsuite hostname="LAPTOP-TT023QHN" failures="0" tests="5" name="ChromeMobile.Mobile2" time="33.852" errors="0" timestamp="2024-05-09T01:08:25 IST" skipped="0">
  <testcase classname="ChromeMobile.Mobile2" name="site4" time="7.667"/>
  <testcase classname="ChromeMobile.Mobile2" name="site3" time="5.659"/>
  <testcase classname="ChromeMobile.Mobile2" name="site1" time="7.691"/>
  <testcase classname="ChromeMobile.Mobile2" name="site2" time="6.271"/>
  <testcase classname="ChromeMobile.Mobile2" name="site5" time="6.564"/>
</testsuite> <!-- ChromeMobile.Mobile2 -->
