<?xml version="1.0" encoding="UTF-8"?>
<!-- Generated by org.testng.reporters.JUnitReportReporter -->
<testsuite hostname="LAPTOP-TT023QHN" failures="0" tests="1" name="opack.ClassFour" time="0.008" errors="0" timestamp="2024-04-30T00:35:10 IST" skipped="0">
  <testcase classname="opack.ClassFour" name="TestFour" time="0.008"/>
</testsuite> <!-- opack.ClassFour -->
